<!DOCTYPE html PUBLIC "-//W3C//DTD XHTML 1.1//EN" "http://www.w3.org/TR/xhtml11/DTD/xhtml11.dtd">
<html xmlns="http://www.w3.org/1999/xhtml"><head><title>TestNG Report</title><style type="text/css">table {margin-bottom:10px;border-collapse:collapse;empty-cells:show}th,td {border:1px solid #009;padding:.25em .5em}th {vertical-align:bottom}td {vertical-align:top}table a {font-weight:bold}.stripe td {background-color: #E6EBF9}.num {text-align:right}.passedodd td {background-color: #3F3}.passedeven td {background-color: #0A0}.skippedodd td {background-color: #DDD}.skippedeven td {background-color: #CCC}.failedodd td,.attn {background-color: #F33}.failedeven td,.stripe .attn {background-color: #D00}.stacktrace {white-space:pre;font-family:monospace}.totop {font-size:85%;text-align:center;border-bottom:2px solid #000}</style></head><body><table><tr><th>Test</th><th># Passed</th><th># Skipped</th><th># Failed</th><th>Time (ms)</th><th>Included Groups</th><th>Excluded Groups</th></tr><tr><th colspan="7">Hub Spot Regression Suite</th></tr><tr><td><a href="#t0">Hub Spot Functional Regression Test - FF</a></td><td class="num">3</td><td class="num attn">2</td><td class="num attn">1</td><td class="num">78,384</td><td></td><td></td></tr><tr class="stripe"><td><a href="#t1">Hub Spot Functional Regression Test - chrome</a></td><td class="num">3</td><td class="num">0</td><td class="num attn">3</td><td class="num">80,940</td><td></td><td></td></tr><tr><th>Total</th><th class="num">6</th><th class="num attn">2</th><th class="num attn">4</th><th class="num">159,324</th><th colspan="2"></th></tr></table><table><thead><tr><th>Class</th><th>Method</th><th>Start</th><th>Time (ms)</th></tr></thead><tbody><tr><th colspan="4">Hub Spot Regression Suite</th></tr></tbody><tbody id="t0"><tr><th colspan="4">Hub Spot Functional Regression Test - FF &#8212; failed (configuration methods)</th></tr><tr class="failedeven"><td rowspan="1">com.qa.hubspot.tests.HomePageTest</td><td><a href="#m0">setUp</a></td><td rowspan="1">1581594046534</td><td rowspan="1">0</td></tr><tr><th colspan="4">Hub Spot Functional Regression Test - FF &#8212; failed</th></tr><tr class="failedeven"><td rowspan="1">com.qa.hubspot.tests.LoginPageTest</td><td><a href="#m1">verifySignUpLinkTest</a></td><td rowspan="1">1581594073278</td><td rowspan="1">25368</td></tr><tr><th colspan="4">Hub Spot Functional Regression Test - FF &#8212; skipped</th></tr><tr class="skippedeven"><td rowspan="2">com.qa.hubspot.tests.HomePageTest</td><td><a href="#m2">verifyHomePageHeaderTest</a></td><td rowspan="1">1581594054865</td><td rowspan="1">10006</td></tr><tr class="skippedeven"><td><a href="#m3">verifyLoggedInUserTest</a></td><td rowspan="1">1581594079315</td><td rowspan="1">5006</td></tr><tr><th colspan="4">Hub Spot Functional Regression Test - FF &#8212; passed</th></tr><tr class="passedeven"><td rowspan="1">com.qa.hubspot.tests.HomePageTest</td><td><a href="#m4">verifyHomePageTitleTest</a></td><td rowspan="1">1581594044033</td><td rowspan="1">5431</td></tr><tr class="passedodd"><td rowspan="2">com.qa.hubspot.tests.LoginPageTest</td><td><a href="#m5">loginTest</a></td><td rowspan="1">1581594052310</td><td rowspan="1">14513</td></tr><tr class="passedodd"><td><a href="#m6">verifyLoginPageTitleTest</a></td><td rowspan="1">1581594038760</td><td rowspan="1">5039</td></tr></tbody><tbody id="t1"><tr><th colspan="4">Hub Spot Functional Regression Test - chrome &#8212; failed</th></tr><tr class="failedeven"><td rowspan="1">com.qa.hubspot.tests.HomePageTest</td><td><a href="#m7">verifyHomePageHeaderTest</a></td><td rowspan="1">1581594132321</td><td rowspan="1">7350</td></tr><tr class="failedodd"><td rowspan="2">com.qa.hubspot.tests.LoginPageTest</td><td><a href="#m8">loginTest</a></td><td rowspan="1">1581594124651</td><td rowspan="1">34132</td></tr><tr class="failedodd"><td><a href="#m9">verifySignUpLinkTest</a></td><td rowspan="1">1581594161709</td><td rowspan="1">25259</td></tr><tr><th colspan="4">Hub Spot Functional Regression Test - chrome &#8212; passed</th></tr><tr class="passedeven"><td rowspan="2">com.qa.hubspot.tests.HomePageTest</td><td><a href="#m10">verifyHomePageTitleTest</a></td><td rowspan="1">1581594128984</td><td rowspan="1">5989</td></tr><tr class="passedeven"><td><a href="#m11">verifyLoggedInUserTest</a></td><td rowspan="1">1581594148984</td><td rowspan="1">6099</td></tr><tr class="passedodd"><td rowspan="1">com.qa.hubspot.tests.LoginPageTest</td><td><a href="#m12">verifyLoginPageTitleTest</a></td><td rowspan="1">1581594114432</td><td rowspan="1">7516</td></tr></tbody></table><h2>Hub Spot Functional Regression Test - FF</h2><h3 id="m0">com.qa.hubspot.tests.HomePageTest#setUp</h3><table class="result"><tr><th>Exception</th></tr><tr><td><div class="stacktrace">org.openqa.selenium.NoSuchSessionException: Session ID is null. Using WebDriver after calling quit()?
Build info: version: &apos;3.141.59&apos;, revision: &apos;e82be7d358&apos;, time: &apos;2018-11-14T08:17:03&apos;
System info: host: &apos;Naveen-Mac.local&apos;, ip: &apos;fe80:0:0:0:ca1:c605:f384:534c%en0&apos;, os.name: &apos;Mac OS X&apos;, os.arch: &apos;x86_64&apos;, os.version: &apos;10.14.5&apos;, java.version: &apos;1.8.0_144&apos;
Driver info: driver.version: RemoteWebDriver
	at org.openqa.selenium.remote.HttpCommandExecutor.execute(HttpCommandExecutor.java:125)
	at org.openqa.selenium.remote.service.DriverCommandExecutor.execute(DriverCommandExecutor.java:83)
	at org.openqa.selenium.remote.RemoteWebDriver.execute(RemoteWebDriver.java:552)
	at org.openqa.selenium.remote.RemoteWebDriver.findElement(RemoteWebDriver.java:323)
	at org.openqa.selenium.remote.RemoteWebDriver.findElementById(RemoteWebDriver.java:372)
	at org.openqa.selenium.By$ById.findElement(By.java:188)
	at org.openqa.selenium.remote.RemoteWebDriver.findElement(RemoteWebDriver.java:315)
	at org.openqa.selenium.support.ui.ExpectedConditions$6.apply(ExpectedConditions.java:182)
	at org.openqa.selenium.support.ui.ExpectedConditions$6.apply(ExpectedConditions.java:179)
	at org.openqa.selenium.support.ui.FluentWait.until(FluentWait.java:249)
	at com.qa.hubspot.util.ElementUtil.waitForElementPresent(ElementUtil.java:34)
	at com.qa.hubspot.page.LoginPage.doLogin(LoginPage.java:47)
	at com.qa.hubspot.tests.HomePageTest.setUp(HomePageTest.java:43)
	at java.util.concurrent.ThreadPoolExecutor.runWorker(ThreadPoolExecutor.java:1149)
	at java.util.concurrent.ThreadPoolExecutor$Worker.run(ThreadPoolExecutor.java:624)
	at java.lang.Thread.run(Thread.java:748)
... Removed 12 stack frames</div></td></tr></table><p class="totop"><a href="#summary">back to summary</a></p><h3 id="m1">com.qa.hubspot.tests.LoginPageTest#verifySignUpLinkTest</h3><table class="result"><tr><th>Exception</th></tr><tr><td><div class="stacktrace">org.openqa.selenium.TimeoutException: Expected condition failed: waiting for presence of element located by: By.linkText: Sign up11111 (tried for 20 second(s) with 500 milliseconds interval)
	at org.openqa.selenium.support.ui.WebDriverWait.timeoutException(WebDriverWait.java:95)
	at org.openqa.selenium.support.ui.FluentWait.until(FluentWait.java:272)
	at com.qa.hubspot.util.ElementUtil.waitForElementPresent(ElementUtil.java:34)
	at com.qa.hubspot.page.LoginPage.checkSignUpLink(LoginPage.java:42)
	at com.qa.hubspot.tests.LoginPageTest.verifySignUpLinkTest(LoginPageTest.java:69)
	at java.util.concurrent.ThreadPoolExecutor.runWorker(ThreadPoolExecutor.java:1149)
	at java.util.concurrent.ThreadPoolExecutor$Worker.run(ThreadPoolExecutor.java:624)
	at java.lang.Thread.run(Thread.java:748)
Caused by: org.openqa.selenium.NoSuchElementException: Unable to locate element: Sign up11111
For documentation on this error, please visit: https://www.seleniumhq.org/exceptions/no_such_element.html
Build info: version: &apos;3.141.59&apos;, revision: &apos;e82be7d358&apos;, time: &apos;2018-11-14T08:17:03&apos;
System info: host: &apos;Naveen-Mac.local&apos;, ip: &apos;fe80:0:0:0:ca1:c605:f384:534c%en0&apos;, os.name: &apos;Mac OS X&apos;, os.arch: &apos;x86_64&apos;, os.version: &apos;10.14.5&apos;, java.version: &apos;1.8.0_144&apos;
Driver info: org.openqa.selenium.firefox.FirefoxDriver
Capabilities {acceptInsecureCerts: true, browserName: firefox, browserVersion: 70.0.1, javascriptEnabled: true, moz:accessibilityChecks: false, moz:buildID: 20191030021342, moz:geckodriverVersion: 0.26.0, moz:headless: false, moz:processID: 71745, moz:profile: /var/folders/fd/lw5s91x96f9..., moz:shutdownTimeout: 60000, moz:useNonSpecCompliantPointerOrigin: false, moz:webdriverClick: true, pageLoadStrategy: normal, platform: MAC, platformName: MAC, platformVersion: 18.6.0, rotatable: false, setWindowRect: true, strictFileInteractability: false, timeouts: {implicit: 0, pageLoad: 300000, script: 30000}, unhandledPromptBehavior: dismiss and notify}
Session ID: 64a80659-c163-9c49-9a21-5902434b07e7
*** Element info: {Using=link text, value=Sign up11111}
	at org.openqa.selenium.remote.http.W3CHttpResponseCodec.createException(W3CHttpResponseCodec.java:187)
	at org.openqa.selenium.remote.http.W3CHttpResponseCodec.decode(W3CHttpResponseCodec.java:122)
	at org.openqa.selenium.remote.http.W3CHttpResponseCodec.decode(W3CHttpResponseCodec.java:49)
	at org.openqa.selenium.remote.HttpCommandExecutor.execute(HttpCommandExecutor.java:158)
	at org.openqa.selenium.remote.service.DriverCommandExecutor.execute(DriverCommandExecutor.java:83)
	at org.openqa.selenium.remote.RemoteWebDriver.execute(RemoteWebDriver.java:552)
	at org.openqa.selenium.remote.RemoteWebDriver.findElement(RemoteWebDriver.java:323)
	at org.openqa.selenium.remote.RemoteWebDriver.findElementByLinkText(RemoteWebDriver.java:380)
	at org.openqa.selenium.By$ByLinkText.findElement(By.java:220)
	at org.openqa.selenium.remote.RemoteWebDriver.findElement(RemoteWebDriver.java:315)
	at org.openqa.selenium.support.ui.ExpectedConditions$6.apply(ExpectedConditions.java:182)
	at org.openqa.selenium.support.ui.ExpectedConditions$6.apply(ExpectedConditions.java:179)
	at org.openqa.selenium.support.ui.FluentWait.until(FluentWait.java:249)
	... 16 more
... Removed 13 stack frames</div></td></tr></table><p class="totop"><a href="#summary">back to summary</a></p><h3 id="m2">com.qa.hubspot.tests.HomePageTest#verifyHomePageHeaderTest</h3><table class="result"><tr><th>Exception</th></tr><tr><td><div class="stacktrace">org.openqa.selenium.NoSuchSessionException: Session ID is null. Using WebDriver after calling quit()?
Build info: version: &apos;3.141.59&apos;, revision: &apos;e82be7d358&apos;, time: &apos;2018-11-14T08:17:03&apos;
System info: host: &apos;Naveen-Mac.local&apos;, ip: &apos;fe80:0:0:0:ca1:c605:f384:534c%en0&apos;, os.name: &apos;Mac OS X&apos;, os.arch: &apos;x86_64&apos;, os.version: &apos;10.14.5&apos;, java.version: &apos;1.8.0_144&apos;
Driver info: driver.version: RemoteWebDriver
	at org.openqa.selenium.remote.HttpCommandExecutor.execute(HttpCommandExecutor.java:125)
	at org.openqa.selenium.remote.service.DriverCommandExecutor.execute(DriverCommandExecutor.java:83)
	at org.openqa.selenium.remote.RemoteWebDriver.execute(RemoteWebDriver.java:552)
	at org.openqa.selenium.remote.RemoteWebDriver.findElement(RemoteWebDriver.java:323)
	at org.openqa.selenium.remote.RemoteWebDriver.findElementById(RemoteWebDriver.java:372)
	at org.openqa.selenium.By$ById.findElement(By.java:188)
	at org.openqa.selenium.remote.RemoteWebDriver.findElement(RemoteWebDriver.java:315)
	at org.openqa.selenium.support.ui.ExpectedConditions$6.apply(ExpectedConditions.java:182)
	at org.openqa.selenium.support.ui.ExpectedConditions$6.apply(ExpectedConditions.java:179)
	at org.openqa.selenium.support.ui.FluentWait.until(FluentWait.java:249)
	at com.qa.hubspot.util.ElementUtil.waitForElementPresent(ElementUtil.java:34)
	at com.qa.hubspot.page.LoginPage.doLogin(LoginPage.java:47)
	at com.qa.hubspot.tests.HomePageTest.setUp(HomePageTest.java:43)
	at java.util.concurrent.ThreadPoolExecutor.runWorker(ThreadPoolExecutor.java:1149)
	at java.util.concurrent.ThreadPoolExecutor$Worker.run(ThreadPoolExecutor.java:624)
	at java.lang.Thread.run(Thread.java:748)
... Removed 12 stack frames</div></td></tr></table><p class="totop"><a href="#summary">back to summary</a></p><h3 id="m3">com.qa.hubspot.tests.HomePageTest#verifyLoggedInUserTest</h3><table class="result"><tr><th>Exception</th></tr><tr><td><div class="stacktrace">org.openqa.selenium.NoSuchSessionException: Session ID is null. Using WebDriver after calling quit()?
Build info: version: &apos;3.141.59&apos;, revision: &apos;e82be7d358&apos;, time: &apos;2018-11-14T08:17:03&apos;
System info: host: &apos;Naveen-Mac.local&apos;, ip: &apos;fe80:0:0:0:ca1:c605:f384:534c%en0&apos;, os.name: &apos;Mac OS X&apos;, os.arch: &apos;x86_64&apos;, os.version: &apos;10.14.5&apos;, java.version: &apos;1.8.0_144&apos;
Driver info: driver.version: RemoteWebDriver
	at org.openqa.selenium.remote.HttpCommandExecutor.execute(HttpCommandExecutor.java:125)
	at org.openqa.selenium.remote.service.DriverCommandExecutor.execute(DriverCommandExecutor.java:83)
	at org.openqa.selenium.remote.RemoteWebDriver.execute(RemoteWebDriver.java:552)
	at org.openqa.selenium.remote.RemoteWebDriver.findElement(RemoteWebDriver.java:323)
	at org.openqa.selenium.remote.RemoteWebDriver.findElementById(RemoteWebDriver.java:372)
	at org.openqa.selenium.By$ById.findElement(By.java:188)
	at org.openqa.selenium.remote.RemoteWebDriver.findElement(RemoteWebDriver.java:315)
	at org.openqa.selenium.support.ui.ExpectedConditions$6.apply(ExpectedConditions.java:182)
	at org.openqa.selenium.support.ui.ExpectedConditions$6.apply(ExpectedConditions.java:179)
	at org.openqa.selenium.support.ui.FluentWait.until(FluentWait.java:249)
	at com.qa.hubspot.util.ElementUtil.waitForElementPresent(ElementUtil.java:34)
	at com.qa.hubspot.page.LoginPage.doLogin(LoginPage.java:47)
	at com.qa.hubspot.tests.HomePageTest.setUp(HomePageTest.java:43)
	at java.util.concurrent.ThreadPoolExecutor.runWorker(ThreadPoolExecutor.java:1149)
	at java.util.concurrent.ThreadPoolExecutor$Worker.run(ThreadPoolExecutor.java:624)
	at java.lang.Thread.run(Thread.java:748)
... Removed 12 stack frames</div></td></tr></table><p class="totop"><a href="#summary">back to summary</a></p><h3 id="m4">com.qa.hubspot.tests.HomePageTest#verifyHomePageTitleTest</h3><table class="result"></table><p class="totop"><a href="#summary">back to summary</a></p><h3 id="m5">com.qa.hubspot.tests.LoginPageTest#loginTest</h3><table class="result"></table><p class="totop"><a href="#summary">back to summary</a></p><h3 id="m6">com.qa.hubspot.tests.LoginPageTest#verifyLoginPageTitleTest</h3><table class="result"></table><p class="totop"><a href="#summary">back to summary</a></p><h2>Hub Spot Functional Regression Test - chrome</h2><h3 id="m7">com.qa.hubspot.tests.HomePageTest#verifyHomePageHeaderTest</h3><table class="result"><tr><th>Exception</th></tr><tr><td><div class="stacktrace">java.lang.AssertionError: expected [Sales Dashboard] but found [null]
	at com.qa.hubspot.tests.HomePageTest.verifyHomePageHeaderTest(HomePageTest.java:61)
	at java.util.concurrent.ThreadPoolExecutor.runWorker(ThreadPoolExecutor.java:1149)
	at java.util.concurrent.ThreadPoolExecutor$Worker.run(ThreadPoolExecutor.java:624)
	at java.lang.Thread.run(Thread.java:748)
... Removed 16 stack frames</div></td></tr></table><p class="totop"><a href="#summary">back to summary</a></p><h3 id="m8">com.qa.hubspot.tests.LoginPageTest#loginTest</h3><table class="result"><tr><th>Exception</th></tr><tr><td><div class="stacktrace">java.lang.AssertionError: expected [crmpro] but found [null]
	at com.qa.hubspot.tests.LoginPageTest.loginTest(LoginPageTest.java:78)
	at java.util.concurrent.ThreadPoolExecutor.runWorker(ThreadPoolExecutor.java:1149)
	at java.util.concurrent.ThreadPoolExecutor$Worker.run(ThreadPoolExecutor.java:624)
	at java.lang.Thread.run(Thread.java:748)
... Removed 16 stack frames</div></td></tr></table><p class="totop"><a href="#summary">back to summary</a></p><h3 id="m9">com.qa.hubspot.tests.LoginPageTest#verifySignUpLinkTest</h3><table class="result"><tr><th>Exception</th></tr><tr><td><div class="stacktrace">org.openqa.selenium.TimeoutException: Expected condition failed: waiting for presence of element located by: By.linkText: Sign up11111 (tried for 20 second(s) with 500 milliseconds interval)
	at org.openqa.selenium.support.ui.WebDriverWait.timeoutException(WebDriverWait.java:95)
	at org.openqa.selenium.support.ui.FluentWait.until(FluentWait.java:272)
	at com.qa.hubspot.util.ElementUtil.waitForElementPresent(ElementUtil.java:34)
	at com.qa.hubspot.page.LoginPage.checkSignUpLink(LoginPage.java:42)
	at com.qa.hubspot.tests.LoginPageTest.verifySignUpLinkTest(LoginPageTest.java:69)
	at java.util.concurrent.ThreadPoolExecutor.runWorker(ThreadPoolExecutor.java:1149)
	at java.util.concurrent.ThreadPoolExecutor$Worker.run(ThreadPoolExecutor.java:624)
	at java.lang.Thread.run(Thread.java:748)
Caused by: org.openqa.selenium.NoSuchElementException: no such element: Unable to locate element: {&quot;method&quot;:&quot;link text&quot;,&quot;selector&quot;:&quot;Sign up11111&quot;}
  (Session info: chrome=80.0.3987.100)
For documentation on this error, please visit: https://www.seleniumhq.org/exceptions/no_such_element.html
Build info: version: &apos;3.141.59&apos;, revision: &apos;e82be7d358&apos;, time: &apos;2018-11-14T08:17:03&apos;
System info: host: &apos;Naveen-Mac.local&apos;, ip: &apos;fe80:0:0:0:ca1:c605:f384:534c%en0&apos;, os.name: &apos;Mac OS X&apos;, os.arch: &apos;x86_64&apos;, os.version: &apos;10.14.5&apos;, java.version: &apos;1.8.0_144&apos;
Driver info: org.openqa.selenium.chrome.ChromeDriver
Capabilities {acceptInsecureCerts: false, browserName: chrome, browserVersion: 80.0.3987.100, chrome: {chromedriverVersion: 80.0.3987.16 (320f6526c1632..., userDataDir: /var/folders/fd/lw5s91x96f9...}, goog:chromeOptions: {debuggerAddress: localhost:52304}, javascriptEnabled: true, networkConnectionEnabled: false, pageLoadStrategy: normal, platform: MAC, platformName: MAC, proxy: Proxy(), setWindowRect: true, strictFileInteractability: false, timeouts: {implicit: 0, pageLoad: 300000, script: 30000}, unhandledPromptBehavior: dismiss and notify}
Session ID: 418357508f0b35f0061fd097909cc99b
*** Element info: {Using=link text, value=Sign up11111}
	at org.openqa.selenium.remote.http.W3CHttpResponseCodec.createException(W3CHttpResponseCodec.java:187)
	at org.openqa.selenium.remote.http.W3CHttpResponseCodec.decode(W3CHttpResponseCodec.java:122)
	at org.openqa.selenium.remote.http.W3CHttpResponseCodec.decode(W3CHttpResponseCodec.java:49)
	at org.openqa.selenium.remote.HttpCommandExecutor.execute(HttpCommandExecutor.java:158)
	at org.openqa.selenium.remote.service.DriverCommandExecutor.execute(DriverCommandExecutor.java:83)
	at org.openqa.selenium.remote.RemoteWebDriver.execute(RemoteWebDriver.java:552)
	at org.openqa.selenium.remote.RemoteWebDriver.findElement(RemoteWebDriver.java:323)
	at org.openqa.selenium.remote.RemoteWebDriver.findElementByLinkText(RemoteWebDriver.java:380)
	at org.openqa.selenium.By$ByLinkText.findElement(By.java:220)
	at org.openqa.selenium.remote.RemoteWebDriver.findElement(RemoteWebDriver.java:315)
	at org.openqa.selenium.support.ui.ExpectedConditions$6.apply(ExpectedConditions.java:182)
	at org.openqa.selenium.support.ui.ExpectedConditions$6.apply(ExpectedConditions.java:179)
	at org.openqa.selenium.support.ui.FluentWait.until(FluentWait.java:249)
	... 16 more
... Removed 13 stack frames</div></td></tr></table><p class="totop"><a href="#summary">back to summary</a></p><h3 id="m10">com.qa.hubspot.tests.HomePageTest#verifyHomePageTitleTest</h3><table class="result"></table><p class="totop"><a href="#summary">back to summary</a></p><h3 id="m11">com.qa.hubspot.tests.HomePageTest#verifyLoggedInUserTest</h3><table class="result"></table><p class="totop"><a href="#summary">back to summary</a></p><h3 id="m12">com.qa.hubspot.tests.LoginPageTest#verifyLoginPageTitleTest</h3><table class="result"></table><p class="totop"><a href="#summary">back to summary</a></p></body></html>